{"error":{"error":"INVALID_FILTER_BY_FORMULA","message":"The formula for filtering records is invalid: Unknown field names: gituhbid","statusCode":422},"level":"error","message":"GitHub authentication error:","timestamp":"2024-10-30T10:37:54.308Z"}
{"error":{"error":"INVALID_FILTER_BY_FORMULA","message":"The formula for filtering records is invalid: Unknown field names: gituhbid","statusCode":422},"level":"error","message":"GitHub authentication error:","timestamp":"2024-10-30T10:38:10.691Z"}
{"error":{"error":"INVALID_FILTER_BY_FORMULA","message":"The formula for filtering records is invalid: Unknown field names: gituhbid","statusCode":422},"level":"error","message":"GitHub authentication error:","timestamp":"2024-10-31T13:14:41.075Z"}
{"error":{"error":"INVALID_FILTER_BY_FORMULA","message":"The formula for filtering records is invalid: Unknown field names: gituhbid","statusCode":422},"level":"error","message":"GitHub authentication error:","timestamp":"2024-10-31T13:16:58.128Z"}
{"error":{"error":"INVALID_VALUE_FOR_COLUMN","message":"Field \"TotalPoints\" cannot accept the provided value","statusCode":422},"level":"error","message":"GitHub authentication error:","timestamp":"2024-10-31T13:22:14.832Z"}
{"error":{"error":"INVALID_VALUE_FOR_COLUMN","message":"Field \"TotalPoints\" cannot accept the provided value","statusCode":422},"level":"error","message":"GitHub authentication error:","timestamp":"2024-10-31T13:25:05.992Z"}
{"error":{"error":"INVALID_VALUE_FOR_COLUMN","message":"Field \"TotalPoints\" cannot accept the provided value","statusCode":422},"level":"error","message":"GitHub authentication error:","timestamp":"2024-10-31T13:25:06.058Z"}
{"error":{"error":"INVALID_VALUE_FOR_COLUMN","message":"Field \"TotalPoints\" cannot accept the provided value","statusCode":422},"level":"error","message":"GitHub authentication error:","timestamp":"2024-10-31T13:25:44.980Z"}
{"error":{"error":"UNKNOWN_FIELD_NAME","message":"Unknown field name: \"LastLogin\"","statusCode":422},"level":"error","message":"Airtable error:","timestamp":"2024-10-31T13:27:12.695Z"}
{"error":{"error":"UNKNOWN_FIELD_NAME","message":"Unknown field name: \"LastLogin\"","statusCode":422},"level":"error","message":"Airtable error:","timestamp":"2024-10-31T13:30:02.735Z"}
{"error":{"error":"UNKNOWN_FIELD_NAME","message":"Unknown field name: \"LastLogin\"","statusCode":422},"level":"error","message":"Airtable error:","timestamp":"2024-10-31T13:55:25.130Z"}
{"error":{"error":"UNKNOWN_FIELD_NAME","message":"Unknown field name: \"LastLogin\"","statusCode":422},"level":"error","message":"Airtable error:","timestamp":"2024-10-31T13:57:05.964Z"}
{"error":{"error":"UNKNOWN_FIELD_NAME","message":"Unknown field name: \"LastLogin\"","statusCode":422},"level":"error","message":"Airtable error:","timestamp":"2024-10-31T13:58:06.687Z"}
{"error":{"error":"UNKNOWN_FIELD_NAME","message":"Unknown field name: \"LoginCount\"","statusCode":422},"level":"error","message":"Airtable error:","timestamp":"2024-10-31T13:59:22.806Z"}
{"level":"info","message":"New user created:","timestamp":"2024-10-31T14:00:04.099Z"}
{"error":{"error":"UNKNOWN_FIELD_NAME","message":"Unknown field name: \"LoginCount\"","statusCode":422},"level":"error","message":"Airtable error:","timestamp":"2024-10-31T14:05:18.920Z"}
{"error":{"error":"UNKNOWN_FIELD_NAME","message":"Unknown field name: \"LoginCount\"","statusCode":422},"level":"error","message":"Airtable error:","timestamp":"2024-11-04T12:51:31.392Z"}
{"error":{"error":"UNKNOWN_FIELD_NAME","message":"Unknown field name: \"LoginCount\"","statusCode":422},"level":"error","message":"Airtable error:","timestamp":"2024-11-04T12:52:45.281Z"}
{"error":{"error":"UNKNOWN_FIELD_NAME","message":"Unknown field name: \"LoginCount\"","statusCode":422},"level":"error","message":"Airtable error:","timestamp":"2024-11-04T12:54:55.383Z"}
{"error":{"error":"UNKNOWN_FIELD_NAME","message":"Unknown field name: \"LoginCount\"","statusCode":422},"level":"error","message":"Airtable error:","timestamp":"2024-11-04T12:55:44.302Z"}
{"error":{"error":"UNKNOWN_FIELD_NAME","message":"Unknown field name: \"LoginCount\"","statusCode":422},"level":"error","message":"Airtable error:","timestamp":"2024-11-04T12:56:29.281Z"}
